[0.665s] Invoking command in '/home/tejosh/cm_ws/Columbus-Maximus/build/columbusmaximus': PYTHONPATH=/home/tejosh/cm_ws/Columbus-Maximus/build/columbusmaximus/prefix_override:/usr/lib/python3/dist-packages/colcon_core/task/python/colcon_distutils_commands:/home/tejosh/cm_ws/Columbus-Maximus/install/columbusmaximus/lib/python3.10/site-packages:${PYTHONPATH} /usr/bin/python3 -W ignore:setup.py install is deprecated -W ignore:easy_install command is deprecated setup.py develop --editable --build-directory /home/tejosh/cm_ws/Columbus-Maximus/build/columbusmaximus/build --no-deps symlink_data
[0.811s] running develop
[0.899s] running egg_info
[0.899s] creating columbusmaximus.egg-info
[0.899s] writing columbusmaximus.egg-info/PKG-INFO
[0.899s] writing dependency_links to columbusmaximus.egg-info/dependency_links.txt
[0.899s] writing entry points to columbusmaximus.egg-info/entry_points.txt
[0.899s] writing requirements to columbusmaximus.egg-info/requires.txt
[0.899s] writing top-level names to columbusmaximus.egg-info/top_level.txt
[0.899s] writing manifest file 'columbusmaximus.egg-info/SOURCES.txt'
[0.900s] reading manifest file 'columbusmaximus.egg-info/SOURCES.txt'
[0.901s] writing manifest file 'columbusmaximus.egg-info/SOURCES.txt'
[0.901s] running build_ext
[0.901s] Creating /home/tejosh/cm_ws/Columbus-Maximus/install/columbusmaximus/lib/python3.10/site-packages/columbusmaximus.egg-link (link to .)
[0.902s] 
[0.902s] Installed /home/tejosh/cm_ws/Columbus-Maximus/build/columbusmaximus
[0.902s] running symlink_data
[0.902s] creating /home/tejosh/cm_ws/Columbus-Maximus/install/columbusmaximus/share/ament_index
[0.902s] creating /home/tejosh/cm_ws/Columbus-Maximus/install/columbusmaximus/share/ament_index/resource_index
[0.902s] creating /home/tejosh/cm_ws/Columbus-Maximus/install/columbusmaximus/share/ament_index/resource_index/packages
[0.902s] symbolically linking /home/tejosh/cm_ws/Columbus-Maximus/build/columbusmaximus/resource/columbusmaximus -> /home/tejosh/cm_ws/Columbus-Maximus/install/columbusmaximus/share/ament_index/resource_index/packages
[0.902s] symbolically linking /home/tejosh/cm_ws/Columbus-Maximus/build/columbusmaximus/package.xml -> /home/tejosh/cm_ws/Columbus-Maximus/install/columbusmaximus/share/columbusmaximus
[0.917s] Invoked command in '/home/tejosh/cm_ws/Columbus-Maximus/build/columbusmaximus' returned '0': PYTHONPATH=/home/tejosh/cm_ws/Columbus-Maximus/build/columbusmaximus/prefix_override:/usr/lib/python3/dist-packages/colcon_core/task/python/colcon_distutils_commands:/home/tejosh/cm_ws/Columbus-Maximus/install/columbusmaximus/lib/python3.10/site-packages:${PYTHONPATH} /usr/bin/python3 -W ignore:setup.py install is deprecated -W ignore:easy_install command is deprecated setup.py develop --editable --build-directory /home/tejosh/cm_ws/Columbus-Maximus/build/columbusmaximus/build --no-deps symlink_data
